# JRE version: Java(TM) SE Runtime Environment (8.0_161-b12) (build 1.8.0_161-b12)
# Java VM: Java HotSpot(TM) 64-Bit Server VM (25.161-b12 mixed mode linux-amd64 compressed oops)
Heap:
 PSYoungGen      total 315904K, used 1150K [0x00000000d8500000, 0x00000000ee480000, 0x0000000100000000)
  eden space 299008K, 0% used [0x00000000d8500000,0x00000000d8500000,0x00000000ea900000)
  from space 16896K, 6% used [0x00000000ea900000,0x00000000eaa1fa50,0x00000000eb980000)
  to   space 17920K, 0% used [0x00000000eb980000,0x00000000eb980000,0x00000000ecb00000)
 ParOldGen       total 80384K, used 24518K [0x0000000088e00000, 0x000000008dc80000, 0x00000000d8500000)
  object space 80384K, 30% used [0x0000000088e00000,0x000000008a5f1b48,0x000000008dc80000)
 Metaspace       used 36389K, capacity 36786K, committed 37208K, reserved 1081344K
  class space    used 4669K, capacity 4798K, committed 4864K, reserved 1048576K
GC Heap History (10 events):
Event: 2.308 GC heap after
Heap after GC invocations=8 (full 1):
 PSYoungGen      total 132096K, used 0K [0x00000000d8500000, 0x00000000e8600000, 0x0000000100000000)
  eden space 121856K, 0% used [0x00000000d8500000,0x00000000d8500000,0x00000000dfc00000)
  from space 10240K, 0% used [0x00000000dfc00000,0x00000000dfc00000,0x00000000e0600000)
  to   space 9728K, 0% used [0x00000000e7c80000,0x00000000e7c80000,0x00000000e8600000)
 ParOldGen       total 49152K, used 7945K [0x0000000088e00000, 0x000000008be00000, 0x00000000d8500000)
  object space 49152K, 16% used [0x0000000088e00000,0x00000000895c2538,0x000000008be00000)
 Metaspace       used 20871K, capacity 21172K, committed 21248K, reserved 1067008K
  class space    used 2671K, capacity 2755K, committed 2816K, reserved 1048576K
}
Event: 3.401 GC heap before
{Heap before GC invocations=9 (full 1):
 PSYoungGen      total 132096K, used 121856K [0x00000000d8500000, 0x00000000e8600000, 0x0000000100000000)
  eden space 121856K, 100% used [0x00000000d8500000,0x00000000dfc00000,0x00000000dfc00000)
  from space 10240K, 0% used [0x00000000dfc00000,0x00000000dfc00000,0x00000000e0600000)
  to   space 9728K, 0% used [0x00000000e7c80000,0x00000000e7c80000,0x00000000e8600000)
 ParOldGen       total 49152K, used 7945K [0x0000000088e00000, 0x000000008be00000, 0x00000000d8500000)
  object space 49152K, 16% used [0x0000000088e00000,0x00000000895c2538,0x000000008be00000)
 Metaspace       used 27205K, capacity 27586K, committed 27776K, reserved 1073152K
  class space    used 3495K, capacity 3600K, committed 3712K, reserved 1048576K
Event: 3.411 GC heap after
Heap after GC invocations=9 (full 1):
 PSYoungGen      total 220672K, used 9701K [0x00000000d8500000, 0x00000000e8600000, 0x0000000100000000)
  eden space 210944K, 0% used [0x00000000d8500000,0x00000000d8500000,0x00000000e5300000)
  from space 9728K, 99% used [0x00000000e7c80000,0x00000000e85f9528,0x00000000e8600000)
  to   space 12800K, 0% used [0x00000000e6d00000,0x00000000e6d00000,0x00000000e7980000)
 ParOldGen       total 49152K, used 11556K [0x0000000088e00000, 0x000000008be00000, 0x00000000d8500000)
  object space 49152K, 23% used [0x0000000088e00000,0x00000000899491b0,0x000000008be00000)
 Metaspace       used 27205K, capacity 27586K, committed 27776K, reserved 1073152K
  class space    used 3495K, capacity 3600K, committed 3712K, reserved 1048576K
}
Event: 6.484 GC heap before
{Heap before GC invocations=10 (full 1):
 PSYoungGen      total 220672K, used 220645K [0x00000000d8500000, 0x00000000e8600000, 0x0000000100000000)
  eden space 210944K, 100% used [0x00000000d8500000,0x00000000e5300000,0x00000000e5300000)
  from space 9728K, 99% used [0x00000000e7c80000,0x00000000e85f9528,0x00000000e8600000)
  to   space 12800K, 0% used [0x00000000e6d00000,0x00000000e6d00000,0x00000000e7980000)
 ParOldGen       total 49152K, used 11556K [0x0000000088e00000, 0x000000008be00000, 0x00000000d8500000)
  object space 49152K, 23% used [0x0000000088e00000,0x00000000899491b0,0x000000008be00000)
 Metaspace       used 32944K, capacity 33406K, committed 33664K, reserved 1079296K
  class space    used 4274K, capacity 4416K, committed 4480K, reserved 1048576K
Event: 6.507 GC heap after
Heap after GC invocations=10 (full 1):
 PSYoungGen      total 250368K, used 12792K [0x00000000d8500000, 0x00000000ecb00000, 0x0000000100000000)
  eden space 237568K, 0% used [0x00000000d8500000,0x00000000d8500000,0x00000000e6d00000)
  from space 12800K, 99% used [0x00000000e6d00000,0x00000000e797e040,0x00000000e7980000)
  to   space 17920K, 0% used [0x00000000eb980000,0x00000000eb980000,0x00000000ecb00000)
 ParOldGen       total 49152K, used 20100K [0x0000000088e00000, 0x000000008be00000, 0x00000000d8500000)
  object space 49152K, 40% used [0x0000000088e00000,0x000000008a1a1190,0x000000008be00000)
 Metaspace       used 32944K, capacity 33406K, committed 33664K, reserved 1079296K
  class space    used 4274K, capacity 4416K, committed 4480K, reserved 1048576K
}
Event: 230.695 GC heap before
{Heap before GC invocations=11 (full 1):
 PSYoungGen      total 250368K, used 194736K [0x00000000d8500000, 0x00000000ecb00000, 0x0000000100000000)
  eden space 237568K, 76% used [0x00000000d8500000,0x00000000e36ae3a8,0x00000000e6d00000)
  from space 12800K, 99% used [0x00000000e6d00000,0x00000000e797e040,0x00000000e7980000)
  to   space 17920K, 0% used [0x00000000eb980000,0x00000000eb980000,0x00000000ecb00000)
 ParOldGen       total 49152K, used 20100K [0x0000000088e00000, 0x000000008be00000, 0x00000000d8500000)
  object space 49152K, 40% used [0x0000000088e00000,0x000000008a1a1190,0x000000008be00000)
 Metaspace       used 34844K, capacity 35198K, committed 35416K, reserved 1081344K
  class space    used 4489K, capacity 4608K, committed 4608K, reserved 1048576K
Event: 230.731 GC heap after
Heap after GC invocations=11 (full 1):
 PSYoungGen      total 316928K, used 7650K [0x00000000d8500000, 0x00000000ee480000, 0x0000000100000000)
  eden space 299008K, 0% used [0x00000000d8500000,0x00000000d8500000,0x00000000ea900000)
  from space 17920K, 42% used [0x00000000eb980000,0x00000000ec0f8bb8,0x00000000ecb00000)
  to   space 16896K, 0% used [0x00000000ea900000,0x00000000ea900000,0x00000000eb980000)
 ParOldGen       total 49152K, used 27269K [0x0000000088e00000, 0x000000008be00000, 0x00000000d8500000)
  object space 49152K, 55% used [0x0000000088e00000,0x000000008a8a14d0,0x000000008be00000)
 Metaspace       used 34844K, capacity 35198K, committed 35416K, reserved 1081344K
  class space    used 4489K, capacity 4608K, committed 4608K, reserved 1048576K
}
Event: 230.731 GC heap before
{Heap before GC invocations=12 (full 2):
 PSYoungGen      total 316928K, used 7650K [0x00000000d8500000, 0x00000000ee480000, 0x0000000100000000)
  eden space 299008K, 0% used [0x00000000d8500000,0x00000000d8500000,0x00000000ea900000)
  from space 17920K, 42% used [0x00000000eb980000,0x00000000ec0f8bb8,0x00000000ecb00000)
  to   space 16896K, 0% used [0x00000000ea900000,0x00000000ea900000,0x00000000eb980000)
 ParOldGen       total 49152K, used 27269K [0x0000000088e00000, 0x000000008be00000, 0x00000000d8500000)
  object space 49152K, 55% used [0x0000000088e00000,0x000000008a8a14d0,0x000000008be00000)
 Metaspace       used 34844K, capacity 35198K, committed 35416K, reserved 1081344K
  class space    used 4489K, capacity 4608K, committed 4608K, reserved 1048576K
Event: 230.875 GC heap after
Heap after GC invocations=12 (full 2):
 PSYoungGen      total 316928K, used 0K [0x00000000d8500000, 0x00000000ee480000, 0x0000000100000000)
  eden space 299008K, 0% used [0x00000000d8500000,0x00000000d8500000,0x00000000ea900000)
  from space 17920K, 0% used [0x00000000eb980000,0x00000000eb980000,0x00000000ecb00000)
  to   space 16896K, 0% used [0x00000000ea900000,0x00000000ea900000,0x00000000eb980000)
 ParOldGen       total 80384K, used 24510K [0x0000000088e00000, 0x000000008dc80000, 0x00000000d8500000)
  object space 80384K, 30% used [0x0000000088e00000,0x000000008a5efb48,0x000000008dc80000)
 Metaspace       used 34837K, capacity 35186K, committed 35416K, reserved 1081344K
  class space    used 4488K, capacity 4606K, committed 4608K, reserved 1048576K
}
Event: 491.153 GC heap before
{Heap before GC invocations=13 (full 2):
 PSYoungGen      total 316928K, used 299008K [0x00000000d8500000, 0x00000000ee480000, 0x0000000100000000)
  eden space 299008K, 100% used [0x00000000d8500000,0x00000000ea900000,0x00000000ea900000)
  from space 17920K, 0% used [0x00000000eb980000,0x00000000eb980000,0x00000000ecb00000)
  to   space 16896K, 0% used [0x00000000ea900000,0x00000000ea900000,0x00000000eb980000)
 ParOldGen       total 80384K, used 24510K [0x0000000088e00000, 0x000000008dc80000, 0x00000000d8500000)
  object space 80384K, 30% used [0x0000000088e00000,0x000000008a5efb48,0x000000008dc80000)
 Metaspace       used 36389K, capacity 36786K, committed 37208K, reserved 1081344K
  class space    used 4669K, capacity 4798K, committed 4864K, reserved 1048576K

