# JRE version: Java(TM) SE Runtime Environment (8.0_161-b12) (build 1.8.0_161-b12)
# Java VM: Java HotSpot(TM) 64-Bit Server VM (25.161-b12 mixed mode linux-amd64 compressed oops)
Heap:
 PSYoungGen      total 256512K, used 10742K [0x00000000d8500000, 0x00000000e8a00000, 0x0000000100000000)
  eden space 245760K, 0% used [0x00000000d8500000,0x00000000d8500000,0x00000000e7500000)
  from space 10752K, 99% used [0x00000000e7500000,0x00000000e7f7d830,0x00000000e7f80000)
  to   space 10240K, 0% used [0x00000000e8000000,0x00000000e8000000,0x00000000e8a00000)
 ParOldGen       total 59392K, used 19023K [0x0000000088e00000, 0x000000008c800000, 0x00000000d8500000)
  object space 59392K, 32% used [0x0000000088e00000,0x000000008a093d50,0x000000008c800000)
 Metaspace       used 28765K, capacity 29204K, committed 29488K, reserved 1075200K
  class space    used 3730K, capacity 3843K, committed 3888K, reserved 1048576K
GC Heap History (10 events):
Event: 1.876 GC heap after
Heap after GC invocations=3 (full 0):
 PSYoungGen      total 66560K, used 5088K [0x00000000d8500000, 0x00000000e0700000, 0x0000000100000000)
  eden space 61440K, 0% used [0x00000000d8500000,0x00000000d8500000,0x00000000dc100000)
  from space 5120K, 99% used [0x00000000dc100000,0x00000000dc5f8040,0x00000000dc600000)
  to   space 5120K, 0% used [0x00000000e0200000,0x00000000e0200000,0x00000000e0700000)
 ParOldGen       total 81920K, used 7803K [0x0000000088e00000, 0x000000008de00000, 0x00000000d8500000)
  object space 81920K, 9% used [0x0000000088e00000,0x000000008959efe0,0x000000008de00000)
 Metaspace       used 18291K, capacity 18664K, committed 18944K, reserved 1064960K
  class space    used 2319K, capacity 2453K, committed 2560K, reserved 1048576K
}
Event: 2.217 GC heap before
{Heap before GC invocations=4 (full 0):
 PSYoungGen      total 66560K, used 66528K [0x00000000d8500000, 0x00000000e0700000, 0x0000000100000000)
  eden space 61440K, 100% used [0x00000000d8500000,0x00000000dc100000,0x00000000dc100000)
  from space 5120K, 99% used [0x00000000dc100000,0x00000000dc5f8040,0x00000000dc600000)
  to   space 5120K, 0% used [0x00000000e0200000,0x00000000e0200000,0x00000000e0700000)
 ParOldGen       total 81920K, used 7803K [0x0000000088e00000, 0x000000008de00000, 0x00000000d8500000)
  object space 81920K, 9% used [0x0000000088e00000,0x000000008959efe0,0x000000008de00000)
 Metaspace       used 19443K, capacity 19866K, committed 20096K, reserved 1067008K
  class space    used 2471K, capacity 2596K, committed 2688K, reserved 1048576K
Event: 2.241 GC heap after
Heap after GC invocations=4 (full 0):
 PSYoungGen      total 128000K, used 5091K [0x00000000d8500000, 0x00000000e0700000, 0x0000000100000000)
  eden space 122880K, 0% used [0x00000000d8500000,0x00000000d8500000,0x00000000dfd00000)
  from space 5120K, 99% used [0x00000000e0200000,0x00000000e06f8ec8,0x00000000e0700000)
  to   space 5120K, 0% used [0x00000000dfd00000,0x00000000dfd00000,0x00000000e0200000)
 ParOldGen       total 81920K, used 10383K [0x0000000088e00000, 0x000000008de00000, 0x00000000d8500000)
  object space 81920K, 12% used [0x0000000088e00000,0x0000000089823ef8,0x000000008de00000)
 Metaspace       used 19443K, capacity 19866K, committed 20096K, reserved 1067008K
  class space    used 2471K, capacity 2596K, committed 2688K, reserved 1048576K
}
Event: 2.687 GC heap before
{Heap before GC invocations=5 (full 0):
 PSYoungGen      total 128000K, used 127971K [0x00000000d8500000, 0x00000000e0700000, 0x0000000100000000)
  eden space 122880K, 100% used [0x00000000d8500000,0x00000000dfd00000,0x00000000dfd00000)
  from space 5120K, 99% used [0x00000000e0200000,0x00000000e06f8ec8,0x00000000e0700000)
  to   space 5120K, 0% used [0x00000000dfd00000,0x00000000dfd00000,0x00000000e0200000)
 ParOldGen       total 81920K, used 10383K [0x0000000088e00000, 0x000000008de00000, 0x00000000d8500000)
  object space 81920K, 12% used [0x0000000088e00000,0x0000000089823ef8,0x000000008de00000)
 Metaspace       used 19859K, capacity 20292K, committed 20352K, reserved 1067008K
  class space    used 2541K, capacity 2667K, committed 2688K, reserved 1048576K
Event: 2.704 GC heap after
Heap after GC invocations=5 (full 0):
 PSYoungGen      total 128000K, used 5091K [0x00000000d8500000, 0x00000000e8b00000, 0x0000000100000000)
  eden space 122880K, 0% used [0x00000000d8500000,0x00000000d8500000,0x00000000dfd00000)
  from space 5120K, 99% used [0x00000000dfd00000,0x00000000e01f8ec8,0x00000000e0200000)
  to   space 11264K, 0% used [0x00000000e8000000,0x00000000e8000000,0x00000000e8b00000)
 ParOldGen       total 81920K, used 12711K [0x0000000088e00000, 0x000000008de00000, 0x00000000d8500000)
  object space 81920K, 15% used [0x0000000088e00000,0x0000000089a69fc0,0x000000008de00000)
 Metaspace       used 19859K, capacity 20292K, committed 20352K, reserved 1067008K
  class space    used 2541K, capacity 2667K, committed 2688K, reserved 1048576K
}
Event: 2.865 GC heap before
{Heap before GC invocations=6 (full 0):
 PSYoungGen      total 128000K, used 31854K [0x00000000d8500000, 0x00000000e8b00000, 0x0000000100000000)
  eden space 122880K, 21% used [0x00000000d8500000,0x00000000d9f22ab8,0x00000000dfd00000)
  from space 5120K, 99% used [0x00000000dfd00000,0x00000000e01f8ec8,0x00000000e0200000)
  to   space 11264K, 0% used [0x00000000e8000000,0x00000000e8000000,0x00000000e8b00000)
 ParOldGen       total 81920K, used 12711K [0x0000000088e00000, 0x000000008de00000, 0x00000000d8500000)
  object space 81920K, 15% used [0x0000000088e00000,0x0000000089a69fc0,0x000000008de00000)
 Metaspace       used 20808K, capacity 21220K, committed 21296K, reserved 1067008K
  class space    used 2693K, capacity 2827K, committed 2864K, reserved 1048576K
Event: 2.872 GC heap after
Heap after GC invocations=6 (full 0):
 PSYoungGen      total 256000K, used 6892K [0x00000000d8500000, 0x00000000e8a00000, 0x0000000100000000)
  eden space 245760K, 0% used [0x00000000d8500000,0x00000000d8500000,0x00000000e7500000)
  from space 10240K, 67% used [0x00000000e8000000,0x00000000e86bb288,0x00000000e8a00000)
  to   space 10752K, 0% used [0x00000000e7500000,0x00000000e7500000,0x00000000e7f80000)
 ParOldGen       total 81920K, used 12719K [0x0000000088e00000, 0x000000008de00000, 0x00000000d8500000)
  object space 81920K, 15% used [0x0000000088e00000,0x0000000089a6bfc0,0x000000008de00000)
 Metaspace       used 20808K, capacity 21220K, committed 21296K, reserved 1067008K
  class space    used 2693K, capacity 2827K, committed 2864K, reserved 1048576K
}
Event: 2.873 GC heap before
{Heap before GC invocations=7 (full 1):
 PSYoungGen      total 256000K, used 6892K [0x00000000d8500000, 0x00000000e8a00000, 0x0000000100000000)
  eden space 245760K, 0% used [0x00000000d8500000,0x00000000d8500000,0x00000000e7500000)
  from space 10240K, 67% used [0x00000000e8000000,0x00000000e86bb288,0x00000000e8a00000)
  to   space 10752K, 0% used [0x00000000e7500000,0x00000000e7500000,0x00000000e7f80000)
 ParOldGen       total 81920K, used 12719K [0x0000000088e00000, 0x000000008de00000, 0x00000000d8500000)
  object space 81920K, 15% used [0x0000000088e00000,0x0000000089a6bfc0,0x000000008de00000)
 Metaspace       used 20808K, capacity 21220K, committed 21296K, reserved 1067008K
  class space    used 2693K, capacity 2827K, committed 2864K, reserved 1048576K
Event: 2.916 GC heap after
Heap after GC invocations=7 (full 1):
 PSYoungGen      total 256000K, used 0K [0x00000000d8500000, 0x00000000e8a00000, 0x0000000100000000)
  eden space 245760K, 0% used [0x00000000d8500000,0x00000000d8500000,0x00000000e7500000)
  from space 10240K, 0% used [0x00000000e8000000,0x00000000e8000000,0x00000000e8a00000)
  to   space 10752K, 0% used [0x00000000e7500000,0x00000000e7500000,0x00000000e7f80000)
 ParOldGen       total 59392K, used 12666K [0x0000000088e00000, 0x000000008c800000, 0x00000000d8500000)
  object space 59392K, 21% used [0x0000000088e00000,0x0000000089a5e810,0x000000008c800000)
 Metaspace       used 20808K, capacity 21220K, committed 21296K, reserved 1067008K
  class space    used 2693K, capacity 2827K, committed 2864K, reserved 1048576K
}
Event: 4.457 GC heap before
{Heap before GC invocations=8 (full 1):
 PSYoungGen      total 256000K, used 245760K [0x00000000d8500000, 0x00000000e8a00000, 0x0000000100000000)
  eden space 245760K, 100% used [0x00000000d8500000,0x00000000e7500000,0x00000000e7500000)
  from space 10240K, 0% used [0x00000000e8000000,0x00000000e8000000,0x00000000e8a00000)
  to   space 10752K, 0% used [0x00000000e7500000,0x00000000e7500000,0x00000000e7f80000)
 ParOldGen       total 59392K, used 12666K [0x0000000088e00000, 0x000000008c800000, 0x00000000d8500000)
  object space 59392K, 21% used [0x0000000088e00000,0x0000000089a5e810,0x000000008c800000)
 Metaspace       used 28765K, capacity 29204K, committed 29488K, reserved 1075200K
  class space    used 3730K, capacity 3843K, committed 3888K, reserved 1048576K

