# JRE version: OpenJDK Runtime Environment (8.0_131-b11) (build 1.8.0_131-8u131-b11-2ubuntu1.16.04.3-b11)
# Java VM: OpenJDK 64-Bit Server VM (25.131-b11 mixed mode linux-amd64 compressed oops)
Heap:
 PSYoungGen      total 249344K, used 88290K [0x00000000d5580000, 0x00000000e8500000, 0x0000000100000000)
  eden space 229888K, 35% used [0x00000000d5580000,0x00000000da56c1c8,0x00000000e3600000)
  from space 19456K, 33% used [0x00000000e4880000,0x00000000e4ecc790,0x00000000e5b80000)
  to   space 18944K, 0% used [0x00000000e3600000,0x00000000e3600000,0x00000000e4880000)
 ParOldGen       total 100864K, used 26517K [0x0000000080000000, 0x0000000086280000, 0x00000000d5580000)
  object space 100864K, 26% used [0x0000000080000000,0x00000000819e5630,0x0000000086280000)
 Metaspace       used 53168K, capacity 53882K, committed 54360K, reserved 1097728K
  class space    used 6284K, capacity 6442K, committed 6528K, reserved 1048576K
GC Heap History (10 events):
Event: 14.084 GC heap before
{Heap before GC invocations=13 (full 2):
 PSYoungGen      total 197632K, used 197181K [0x00000000d5580000, 0x00000000e2e00000, 0x0000000100000000)
  eden space 185856K, 100% used [0x00000000d5580000,0x00000000e0b00000,0x00000000e0b00000)
  from space 11776K, 96% used [0x00000000e2280000,0x00000000e2d8f6d0,0x00000000e2e00000)
  to   space 16384K, 0% used [0x00000000e0e00000,0x00000000e0e00000,0x00000000e1e00000)
 ParOldGen       total 100864K, used 25745K [0x0000000080000000, 0x0000000086280000, 0x00000000d5580000)
  object space 100864K, 25% used [0x0000000080000000,0x0000000081924570,0x0000000086280000)
 Metaspace       used 48047K, capacity 48560K, committed 49112K, reserved 1091584K
  class space    used 5882K, capacity 6034K, committed 6144K, reserved 1048576K
Event: 14.148 GC heap after
Heap after GC invocations=13 (full 2):
 PSYoungGen      total 205312K, used 15119K [0x00000000d5580000, 0x00000000e5d00000, 0x0000000100000000)
  eden space 188928K, 0% used [0x00000000d5580000,0x00000000d5580000,0x00000000e0e00000)
  from space 16384K, 92% used [0x00000000e0e00000,0x00000000e1cc3c28,0x00000000e1e00000)
  to   space 18432K, 0% used [0x00000000e4b00000,0x00000000e4b00000,0x00000000e5d00000)
 ParOldGen       total 100864K, used 25753K [0x0000000080000000, 0x0000000086280000, 0x00000000d5580000)
  object space 100864K, 25% used [0x0000000080000000,0x0000000081926570,0x0000000086280000)
 Metaspace       used 48047K, capacity 48560K, committed 49112K, reserved 1091584K
  class space    used 5882K, capacity 6034K, committed 6144K, reserved 1048576K
}
Event: 66.927 GC heap before
{Heap before GC invocations=14 (full 2):
 PSYoungGen      total 205312K, used 204047K [0x00000000d5580000, 0x00000000e5d00000, 0x0000000100000000)
  eden space 188928K, 100% used [0x00000000d5580000,0x00000000e0e00000,0x00000000e0e00000)
  from space 16384K, 92% used [0x00000000e0e00000,0x00000000e1cc3c28,0x00000000e1e00000)
  to   space 18432K, 0% used [0x00000000e4b00000,0x00000000e4b00000,0x00000000e5d00000)
 ParOldGen       total 100864K, used 25753K [0x0000000080000000, 0x0000000086280000, 0x00000000d5580000)
  object space 100864K, 25% used [0x0000000080000000,0x0000000081926570,0x0000000086280000)
 Metaspace       used 51750K, capacity 52348K, committed 52952K, reserved 1095680K
  class space    used 6200K, capacity 6340K, committed 6400K, reserved 1048576K
Event: 66.953 GC heap after
Heap after GC invocations=14 (full 2):
 PSYoungGen      total 246272K, used 14703K [0x00000000d5580000, 0x00000000e5b80000, 0x0000000100000000)
  eden space 229376K, 0% used [0x00000000d5580000,0x00000000d5580000,0x00000000e3580000)
  from space 16896K, 87% used [0x00000000e4b00000,0x00000000e595bd50,0x00000000e5b80000)
  to   space 19456K, 0% used [0x00000000e3580000,0x00000000e3580000,0x00000000e4880000)
 ParOldGen       total 100864K, used 25761K [0x0000000080000000, 0x0000000086280000, 0x00000000d5580000)
  object space 100864K, 25% used [0x0000000080000000,0x0000000081928570,0x0000000086280000)
 Metaspace       used 51750K, capacity 52348K, committed 52952K, reserved 1095680K
  class space    used 6200K, capacity 6340K, committed 6400K, reserved 1048576K
}
Event: 159.432 GC heap before
{Heap before GC invocations=15 (full 2):
 PSYoungGen      total 246272K, used 156925K [0x00000000d5580000, 0x00000000e5b80000, 0x0000000100000000)
  eden space 229376K, 62% used [0x00000000d5580000,0x00000000de063988,0x00000000e3580000)
  from space 16896K, 87% used [0x00000000e4b00000,0x00000000e595bd50,0x00000000e5b80000)
  to   space 19456K, 0% used [0x00000000e3580000,0x00000000e3580000,0x00000000e4880000)
 ParOldGen       total 100864K, used 25761K [0x0000000080000000, 0x0000000086280000, 0x00000000d5580000)
  object space 100864K, 25% used [0x0000000080000000,0x0000000081928570,0x0000000086280000)
 Metaspace       used 51922K, capacity 52424K, committed 52952K, reserved 1095680K
  class space    used 6217K, capacity 6343K, committed 6400K, reserved 1048576K
Event: 159.458 GC heap after
Heap after GC invocations=15 (full 2):
 PSYoungGen      total 248832K, used 11896K [0x00000000d5580000, 0x00000000e5b80000, 0x0000000100000000)
  eden space 229376K, 0% used [0x00000000d5580000,0x00000000d5580000,0x00000000e3580000)
  from space 19456K, 61% used [0x00000000e3580000,0x00000000e411e060,0x00000000e4880000)
  to   space 19456K, 0% used [0x00000000e4880000,0x00000000e4880000,0x00000000e5b80000)
 ParOldGen       total 100864K, used 25769K [0x0000000080000000, 0x0000000086280000, 0x00000000d5580000)
  object space 100864K, 25% used [0x0000000080000000,0x000000008192a570,0x0000000086280000)
 Metaspace       used 51922K, capacity 52424K, committed 52952K, reserved 1095680K
  class space    used 6217K, capacity 6343K, committed 6400K, reserved 1048576K
}
Event: 159.458 GC heap before
{Heap before GC invocations=16 (full 3):
 PSYoungGen      total 248832K, used 11896K [0x00000000d5580000, 0x00000000e5b80000, 0x0000000100000000)
  eden space 229376K, 0% used [0x00000000d5580000,0x00000000d5580000,0x00000000e3580000)
  from space 19456K, 61% used [0x00000000e3580000,0x00000000e411e060,0x00000000e4880000)
  to   space 19456K, 0% used [0x00000000e4880000,0x00000000e4880000,0x00000000e5b80000)
 ParOldGen       total 100864K, used 25769K [0x0000000080000000, 0x0000000086280000, 0x00000000d5580000)
  object space 100864K, 25% used [0x0000000080000000,0x000000008192a570,0x0000000086280000)
 Metaspace       used 51922K, capacity 52424K, committed 52952K, reserved 1095680K
  class space    used 6217K, capacity 6343K, committed 6400K, reserved 1048576K
Event: 159.637 GC heap after
Heap after GC invocations=16 (full 3):
 PSYoungGen      total 248832K, used 0K [0x00000000d5580000, 0x00000000e5b80000, 0x0000000100000000)
  eden space 229376K, 0% used [0x00000000d5580000,0x00000000d5580000,0x00000000e3580000)
  from space 19456K, 0% used [0x00000000e3580000,0x00000000e3580000,0x00000000e4880000)
  to   space 19456K, 0% used [0x00000000e4880000,0x00000000e4880000,0x00000000e5b80000)
 ParOldGen       total 100864K, used 26509K [0x0000000080000000, 0x0000000086280000, 0x00000000d5580000)
  object space 100864K, 26% used [0x0000000080000000,0x00000000819e3630,0x0000000086280000)
 Metaspace       used 51914K, capacity 52412K, committed 52952K, reserved 1095680K
  class space    used 6216K, capacity 6341K, committed 6400K, reserved 1048576K
}
Event: 161.982 GC heap before
{Heap before GC invocations=17 (full 3):
 PSYoungGen      total 248832K, used 229376K [0x00000000d5580000, 0x00000000e5b80000, 0x0000000100000000)
  eden space 229376K, 100% used [0x00000000d5580000,0x00000000e3580000,0x00000000e3580000)
  from space 19456K, 0% used [0x00000000e3580000,0x00000000e3580000,0x00000000e4880000)
  to   space 19456K, 0% used [0x00000000e4880000,0x00000000e4880000,0x00000000e5b80000)
 ParOldGen       total 100864K, used 26509K [0x0000000080000000, 0x0000000086280000, 0x00000000d5580000)
  object space 100864K, 26% used [0x0000000080000000,0x00000000819e3630,0x0000000086280000)
 Metaspace       used 52593K, capacity 53302K, committed 53848K, reserved 1097728K
  class space    used 6249K, capacity 6404K, committed 6528K, reserved 1048576K
Event: 161.991 GC heap after
Heap after GC invocations=17 (full 3):
 PSYoungGen      total 249344K, used 6449K [0x00000000d5580000, 0x00000000e8500000, 0x0000000100000000)
  eden space 229888K, 0% used [0x00000000d5580000,0x00000000d5580000,0x00000000e3600000)
  from space 19456K, 33% used [0x00000000e4880000,0x00000000e4ecc790,0x00000000e5b80000)
  to   space 18944K, 0% used [0x00000000e3600000,0x00000000e3600000,0x00000000e4880000)
 ParOldGen       total 100864K, used 26517K [0x0000000080000000, 0x0000000086280000, 0x00000000d5580000)
  object space 100864K, 26% used [0x0000000080000000,0x00000000819e5630,0x0000000086280000)
 Metaspace       used 52593K, capacity 53302K, committed 53848K, reserved 1097728K
  class space    used 6249K, capacity 6404K, committed 6528K, reserved 1048576K
}

