# JRE version: Java(TM) SE Runtime Environment (8.0_161-b12) (build 1.8.0_161-b12)
# Java VM: Java HotSpot(TM) 64-Bit Server VM (25.161-b12 mixed mode linux-amd64 compressed oops)
Heap:
 PSYoungGen      total 370176K, used 19443K [0x00000000d8500000, 0x00000000f0480000, 0x0000000100000000)
  eden space 350720K, 0% used [0x00000000d8500000,0x00000000d8500000,0x00000000edb80000)
  from space 19456K, 99% used [0x00000000edb80000,0x00000000eee7ced0,0x00000000eee80000)
  to   space 15360K, 0% used [0x00000000eee80000,0x00000000eee80000,0x00000000efd80000)
 ParOldGen       total 66560K, used 37285K [0x0000000088e00000, 0x000000008cf00000, 0x00000000d8500000)
  object space 66560K, 56% used [0x0000000088e00000,0x000000008b2695a0,0x000000008cf00000)
 Metaspace       used 32912K, capacity 33760K, committed 33968K, reserved 1079296K
  class space    used 4329K, capacity 4519K, committed 4528K, reserved 1048576K
GC Heap History (10 events):
Event: 2.274 GC heap after
Heap after GC invocations=5 (full 0):
 PSYoungGen      total 128000K, used 5091K [0x00000000d8500000, 0x00000000e8b00000, 0x0000000100000000)
  eden space 122880K, 0% used [0x00000000d8500000,0x00000000d8500000,0x00000000dfd00000)
  from space 5120K, 99% used [0x00000000dfd00000,0x00000000e01f8ed8,0x00000000e0200000)
  to   space 11264K, 0% used [0x00000000e8000000,0x00000000e8000000,0x00000000e8b00000)
 ParOldGen       total 81920K, used 12719K [0x0000000088e00000, 0x000000008de00000, 0x00000000d8500000)
  object space 81920K, 15% used [0x0000000088e00000,0x0000000089a6bc58,0x000000008de00000)
 Metaspace       used 19807K, capacity 20228K, committed 20352K, reserved 1067008K
  class space    used 2539K, capacity 2667K, committed 2688K, reserved 1048576K
}
Event: 2.507 GC heap before
{Heap before GC invocations=6 (full 0):
 PSYoungGen      total 128000K, used 35947K [0x00000000d8500000, 0x00000000e8b00000, 0x0000000100000000)
  eden space 122880K, 25% used [0x00000000d8500000,0x00000000da322108,0x00000000dfd00000)
  from space 5120K, 99% used [0x00000000dfd00000,0x00000000e01f8ed8,0x00000000e0200000)
  to   space 11264K, 0% used [0x00000000e8000000,0x00000000e8000000,0x00000000e8b00000)
 ParOldGen       total 81920K, used 12719K [0x0000000088e00000, 0x000000008de00000, 0x00000000d8500000)
  object space 81920K, 15% used [0x0000000088e00000,0x0000000089a6bc58,0x000000008de00000)
 Metaspace       used 20868K, capacity 21226K, committed 21296K, reserved 1067008K
  class space    used 2714K, capacity 2828K, committed 2864K, reserved 1048576K
Event: 2.521 GC heap after
Heap after GC invocations=6 (full 0):
 PSYoungGen      total 256000K, used 7116K [0x00000000d8500000, 0x00000000e8a00000, 0x0000000100000000)
  eden space 245760K, 0% used [0x00000000d8500000,0x00000000d8500000,0x00000000e7500000)
  from space 10240K, 69% used [0x00000000e8000000,0x00000000e86f3298,0x00000000e8a00000)
  to   space 10752K, 0% used [0x00000000e7500000,0x00000000e7500000,0x00000000e7f80000)
 ParOldGen       total 81920K, used 12727K [0x0000000088e00000, 0x000000008de00000, 0x00000000d8500000)
  object space 81920K, 15% used [0x0000000088e00000,0x0000000089a6dc58,0x000000008de00000)
 Metaspace       used 20868K, capacity 21226K, committed 21296K, reserved 1067008K
  class space    used 2714K, capacity 2828K, committed 2864K, reserved 1048576K
}
Event: 2.521 GC heap before
{Heap before GC invocations=7 (full 1):
 PSYoungGen      total 256000K, used 7116K [0x00000000d8500000, 0x00000000e8a00000, 0x0000000100000000)
  eden space 245760K, 0% used [0x00000000d8500000,0x00000000d8500000,0x00000000e7500000)
  from space 10240K, 69% used [0x00000000e8000000,0x00000000e86f3298,0x00000000e8a00000)
  to   space 10752K, 0% used [0x00000000e7500000,0x00000000e7500000,0x00000000e7f80000)
 ParOldGen       total 81920K, used 12727K [0x0000000088e00000, 0x000000008de00000, 0x00000000d8500000)
  object space 81920K, 15% used [0x0000000088e00000,0x0000000089a6dc58,0x000000008de00000)
 Metaspace       used 20868K, capacity 21226K, committed 21296K, reserved 1067008K
  class space    used 2714K, capacity 2828K, committed 2864K, reserved 1048576K
Event: 2.607 GC heap after
Heap after GC invocations=7 (full 1):
 PSYoungGen      total 256000K, used 0K [0x00000000d8500000, 0x00000000e8a00000, 0x0000000100000000)
  eden space 245760K, 0% used [0x00000000d8500000,0x00000000d8500000,0x00000000e7500000)
  from space 10240K, 0% used [0x00000000e8000000,0x00000000e8000000,0x00000000e8a00000)
  to   space 10752K, 0% used [0x00000000e7500000,0x00000000e7500000,0x00000000e7f80000)
 ParOldGen       total 66560K, used 14005K [0x0000000088e00000, 0x000000008cf00000, 0x00000000d8500000)
  object space 66560K, 21% used [0x0000000088e00000,0x0000000089bad510,0x000000008cf00000)
 Metaspace       used 20868K, capacity 21226K, committed 21296K, reserved 1067008K
  class space    used 2714K, capacity 2828K, committed 2864K, reserved 1048576K
}
Event: 4.118 GC heap before
{Heap before GC invocations=8 (full 1):
 PSYoungGen      total 256000K, used 245760K [0x00000000d8500000, 0x00000000e8a00000, 0x0000000100000000)
  eden space 245760K, 100% used [0x00000000d8500000,0x00000000e7500000,0x00000000e7500000)
  from space 10240K, 0% used [0x00000000e8000000,0x00000000e8000000,0x00000000e8a00000)
  to   space 10752K, 0% used [0x00000000e7500000,0x00000000e7500000,0x00000000e7f80000)
 ParOldGen       total 66560K, used 14005K [0x0000000088e00000, 0x000000008cf00000, 0x00000000d8500000)
  object space 66560K, 21% used [0x0000000088e00000,0x0000000089bad510,0x000000008cf00000)
 Metaspace       used 28735K, capacity 29140K, committed 29488K, reserved 1075200K
  class space    used 3729K, capacity 3843K, committed 3888K, reserved 1048576K
Event: 4.136 GC heap after
Heap after GC invocations=8 (full 1):
 PSYoungGen      total 256512K, used 10742K [0x00000000d8500000, 0x00000000efd80000, 0x0000000100000000)
  eden space 245760K, 0% used [0x00000000d8500000,0x00000000d8500000,0x00000000e7500000)
  from space 10752K, 99% used [0x00000000e7500000,0x00000000e7f7da38,0x00000000e7f80000)
  to   space 15360K, 0% used [0x00000000eee80000,0x00000000eee80000,0x00000000efd80000)
 ParOldGen       total 66560K, used 20954K [0x0000000088e00000, 0x000000008cf00000, 0x00000000d8500000)
  object space 66560K, 31% used [0x0000000088e00000,0x000000008a276a80,0x000000008cf00000)
 Metaspace       used 28735K, capacity 29140K, committed 29488K, reserved 1075200K
  class space    used 3729K, capacity 3843K, committed 3888K, reserved 1048576K
}
Event: 5.203 GC heap before
{Heap before GC invocations=9 (full 1):
 PSYoungGen      total 256512K, used 256502K [0x00000000d8500000, 0x00000000efd80000, 0x0000000100000000)
  eden space 245760K, 100% used [0x00000000d8500000,0x00000000e7500000,0x00000000e7500000)
  from space 10752K, 99% used [0x00000000e7500000,0x00000000e7f7da38,0x00000000e7f80000)
  to   space 15360K, 0% used [0x00000000eee80000,0x00000000eee80000,0x00000000efd80000)
 ParOldGen       total 66560K, used 20954K [0x0000000088e00000, 0x000000008cf00000, 0x00000000d8500000)
  object space 66560K, 31% used [0x0000000088e00000,0x000000008a276a80,0x000000008cf00000)
 Metaspace       used 30608K, capacity 31300K, committed 31408K, reserved 1077248K
  class space    used 4035K, capacity 4231K, committed 4272K, reserved 1048576K
Event: 5.230 GC heap after
Heap after GC invocations=9 (full 1):
 PSYoungGen      total 366080K, used 15352K [0x00000000d8500000, 0x00000000f0480000, 0x0000000100000000)
  eden space 350720K, 0% used [0x00000000d8500000,0x00000000d8500000,0x00000000edb80000)
  from space 15360K, 99% used [0x00000000eee80000,0x00000000efd7e0a0,0x00000000efd80000)
  to   space 19456K, 0% used [0x00000000edb80000,0x00000000edb80000,0x00000000eee80000)
 ParOldGen       total 66560K, used 25965K [0x0000000088e00000, 0x000000008cf00000, 0x00000000d8500000)
  object space 66560K, 39% used [0x0000000088e00000,0x000000008a75b6a8,0x000000008cf00000)
 Metaspace       used 30608K, capacity 31300K, committed 31408K, reserved 1077248K
  class space    used 4035K, capacity 4231K, committed 4272K, reserved 1048576K
}
Event: 8.552 GC heap before
{Heap before GC invocations=10 (full 1):
 PSYoungGen      total 366080K, used 366072K [0x00000000d8500000, 0x00000000f0480000, 0x0000000100000000)
  eden space 350720K, 100% used [0x00000000d8500000,0x00000000edb80000,0x00000000edb80000)
  from space 15360K, 99% used [0x00000000eee80000,0x00000000efd7e0a0,0x00000000efd80000)
  to   space 19456K, 0% used [0x00000000edb80000,0x00000000edb80000,0x00000000eee80000)
 ParOldGen       total 66560K, used 25965K [0x0000000088e00000, 0x000000008cf00000, 0x00000000d8500000)
  object space 66560K, 39% used [0x0000000088e00000,0x000000008a75b6a8,0x000000008cf00000)
 Metaspace       used 32912K, capacity 33760K, committed 33968K, reserved 1079296K
  class space    used 4329K, capacity 4519K, committed 4528K, reserved 1048576K

