# JRE version: Java(TM) SE Runtime Environment (8.0_161-b12) (build 1.8.0_161-b12)
# Java VM: Java HotSpot(TM) 64-Bit Server VM (25.161-b12 mixed mode linux-amd64 compressed oops)
Heap:
 PSYoungGen      total 350208K, used 18571K [0x00000000d8500000, 0x00000000eed80000, 0x0000000100000000)
  eden space 331264K, 0% used [0x00000000d8500000,0x00000000d8500000,0x00000000ec880000)
  from space 18944K, 98% used [0x00000000ec880000,0x00000000edaa2e00,0x00000000edb00000)
  to   space 18944K, 0% used [0x00000000edb00000,0x00000000edb00000,0x00000000eed80000)
 ParOldGen       total 111616K, used 36967K [0x0000000088e00000, 0x000000008fb00000, 0x00000000d8500000)
  object space 111616K, 33% used [0x0000000088e00000,0x000000008b219c50,0x000000008fb00000)
 Metaspace       used 39374K, capacity 40284K, committed 40488K, reserved 1085440K
  class space    used 5122K, capacity 5317K, committed 5424K, reserved 1048576K
GC Heap History (10 events):
Event: 3.601 GC heap after
Heap after GC invocations=10 (full 1):
 PSYoungGen      total 253952K, used 10233K [0x00000000d8500000, 0x00000000e9a00000, 0x0000000100000000)
  eden space 243712K, 0% used [0x00000000d8500000,0x00000000d8500000,0x00000000e7300000)
  from space 10240K, 99% used [0x00000000e7300000,0x00000000e7cfe548,0x00000000e7d00000)
  to   space 14336K, 0% used [0x00000000e8c00000,0x00000000e8c00000,0x00000000e9a00000)
 ParOldGen       total 61952K, used 21916K [0x0000000088e00000, 0x000000008ca80000, 0x00000000d8500000)
  object space 61952K, 35% used [0x0000000088e00000,0x000000008a3672f8,0x000000008ca80000)
 Metaspace       used 29116K, capacity 29616K, committed 29872K, reserved 1075200K
  class space    used 3776K, capacity 3911K, committed 4016K, reserved 1048576K
}
Event: 4.572 GC heap before
{Heap before GC invocations=11 (full 1):
 PSYoungGen      total 253952K, used 253945K [0x00000000d8500000, 0x00000000e9a00000, 0x0000000100000000)
  eden space 243712K, 100% used [0x00000000d8500000,0x00000000e7300000,0x00000000e7300000)
  from space 10240K, 99% used [0x00000000e7300000,0x00000000e7cfe548,0x00000000e7d00000)
  to   space 14336K, 0% used [0x00000000e8c00000,0x00000000e8c00000,0x00000000e9a00000)
 ParOldGen       total 61952K, used 21916K [0x0000000088e00000, 0x000000008ca80000, 0x00000000d8500000)
  object space 61952K, 35% used [0x0000000088e00000,0x000000008a3672f8,0x000000008ca80000)
 Metaspace       used 30780K, capacity 31482K, committed 31664K, reserved 1077248K
  class space    used 4052K, capacity 4264K, committed 4272K, reserved 1048576K
Event: 4.599 GC heap after
Heap after GC invocations=11 (full 1):
 PSYoungGen      total 265216K, used 14330K [0x00000000d8500000, 0x00000000ee600000, 0x0000000100000000)
  eden space 250880K, 0% used [0x00000000d8500000,0x00000000d8500000,0x00000000e7a00000)
  from space 14336K, 99% used [0x00000000e8c00000,0x00000000e99feb78,0x00000000e9a00000)
  to   space 18432K, 0% used [0x00000000e7a00000,0x00000000e7a00000,0x00000000e8c00000)
 ParOldGen       total 61952K, used 27933K [0x0000000088e00000, 0x000000008ca80000, 0x00000000d8500000)
  object space 61952K, 45% used [0x0000000088e00000,0x000000008a9476b0,0x000000008ca80000)
 Metaspace       used 30780K, capacity 31482K, committed 31664K, reserved 1077248K
  class space    used 4052K, capacity 4264K, committed 4272K, reserved 1048576K
}
Event: 5.447 GC heap before
{Heap before GC invocations=12 (full 1):
 PSYoungGen      total 265216K, used 265210K [0x00000000d8500000, 0x00000000ee600000, 0x0000000100000000)
  eden space 250880K, 100% used [0x00000000d8500000,0x00000000e7a00000,0x00000000e7a00000)
  from space 14336K, 99% used [0x00000000e8c00000,0x00000000e99feb78,0x00000000e9a00000)
  to   space 18432K, 0% used [0x00000000e7a00000,0x00000000e7a00000,0x00000000e8c00000)
 ParOldGen       total 61952K, used 27933K [0x0000000088e00000, 0x000000008ca80000, 0x00000000d8500000)
  object space 61952K, 45% used [0x0000000088e00000,0x000000008a9476b0,0x000000008ca80000)
 Metaspace       used 32793K, capacity 33534K, committed 33712K, reserved 1079296K
  class space    used 4312K, capacity 4484K, committed 4528K, reserved 1048576K
Event: 5.462 GC heap after
Heap after GC invocations=12 (full 1):
 PSYoungGen      total 269312K, used 14552K [0x00000000d8500000, 0x00000000eed80000, 0x0000000100000000)
  eden space 250880K, 0% used [0x00000000d8500000,0x00000000d8500000,0x00000000e7a00000)
  from space 18432K, 78% used [0x00000000e7a00000,0x00000000e8836180,0x00000000e8c00000)
  to   space 18944K, 0% used [0x00000000edb00000,0x00000000edb00000,0x00000000eed80000)
 ParOldGen       total 61952K, used 34562K [0x0000000088e00000, 0x000000008ca80000, 0x00000000d8500000)
  object space 61952K, 55% used [0x0000000088e00000,0x000000008afc0b30,0x000000008ca80000)
 Metaspace       used 32793K, capacity 33534K, committed 33712K, reserved 1079296K
  class space    used 4312K, capacity 4484K, committed 4528K, reserved 1048576K
}
Event: 6.036 GC heap before
{Heap before GC invocations=13 (full 1):
 PSYoungGen      total 269312K, used 178534K [0x00000000d8500000, 0x00000000eed80000, 0x0000000100000000)
  eden space 250880K, 65% used [0x00000000d8500000,0x00000000e2523810,0x00000000e7a00000)
  from space 18432K, 78% used [0x00000000e7a00000,0x00000000e8836180,0x00000000e8c00000)
  to   space 18944K, 0% used [0x00000000edb00000,0x00000000edb00000,0x00000000eed80000)
 ParOldGen       total 61952K, used 34562K [0x0000000088e00000, 0x000000008ca80000, 0x00000000d8500000)
  object space 61952K, 55% used [0x0000000088e00000,0x000000008afc0b30,0x000000008ca80000)
 Metaspace       used 34555K, capacity 35378K, committed 35496K, reserved 1079296K
  class space    used 4515K, capacity 4722K, committed 4784K, reserved 1048576K
Event: 6.050 GC heap after
Heap after GC invocations=13 (full 1):
 PSYoungGen      total 350208K, used 11482K [0x00000000d8500000, 0x00000000eed80000, 0x0000000100000000)
  eden space 331264K, 0% used [0x00000000d8500000,0x00000000d8500000,0x00000000ec880000)
  from space 18944K, 60% used [0x00000000edb00000,0x00000000ee6368a8,0x00000000eed80000)
  to   space 18944K, 0% used [0x00000000ec880000,0x00000000ec880000,0x00000000edb00000)
 ParOldGen       total 61952K, used 39202K [0x0000000088e00000, 0x000000008ca80000, 0x00000000d8500000)
  object space 61952K, 63% used [0x0000000088e00000,0x000000008b448b40,0x000000008ca80000)
 Metaspace       used 34555K, capacity 35378K, committed 35496K, reserved 1079296K
  class space    used 4515K, capacity 4722K, committed 4784K, reserved 1048576K
}
Event: 6.050 GC heap before
{Heap before GC invocations=14 (full 2):
 PSYoungGen      total 350208K, used 11482K [0x00000000d8500000, 0x00000000eed80000, 0x0000000100000000)
  eden space 331264K, 0% used [0x00000000d8500000,0x00000000d8500000,0x00000000ec880000)
  from space 18944K, 60% used [0x00000000edb00000,0x00000000ee6368a8,0x00000000eed80000)
  to   space 18944K, 0% used [0x00000000ec880000,0x00000000ec880000,0x00000000edb00000)
 ParOldGen       total 61952K, used 39202K [0x0000000088e00000, 0x000000008ca80000, 0x00000000d8500000)
  object space 61952K, 63% used [0x0000000088e00000,0x000000008b448b40,0x000000008ca80000)
 Metaspace       used 34555K, capacity 35378K, committed 35496K, reserved 1079296K
  class space    used 4515K, capacity 4722K, committed 4784K, reserved 1048576K
Event: 6.152 GC heap after
Heap after GC invocations=14 (full 2):
 PSYoungGen      total 350208K, used 0K [0x00000000d8500000, 0x00000000eed80000, 0x0000000100000000)
  eden space 331264K, 0% used [0x00000000d8500000,0x00000000d8500000,0x00000000ec880000)
  from space 18944K, 0% used [0x00000000edb00000,0x00000000edb00000,0x00000000eed80000)
  to   space 18944K, 0% used [0x00000000ec880000,0x00000000ec880000,0x00000000edb00000)
 ParOldGen       total 111616K, used 36967K [0x0000000088e00000, 0x000000008fb00000, 0x00000000d8500000)
  object space 111616K, 33% used [0x0000000088e00000,0x000000008b219c50,0x000000008fb00000)
 Metaspace       used 34547K, capacity 35366K, committed 35496K, reserved 1079296K
  class space    used 4514K, capacity 4720K, committed 4784K, reserved 1048576K
}
Event: 154.871 GC heap before
{Heap before GC invocations=15 (full 2):
 PSYoungGen      total 350208K, used 331264K [0x00000000d8500000, 0x00000000eed80000, 0x0000000100000000)
  eden space 331264K, 100% used [0x00000000d8500000,0x00000000ec880000,0x00000000ec880000)
  from space 18944K, 0% used [0x00000000edb00000,0x00000000edb00000,0x00000000eed80000)
  to   space 18944K, 0% used [0x00000000ec880000,0x00000000ec880000,0x00000000edb00000)
 ParOldGen       total 111616K, used 36967K [0x0000000088e00000, 0x000000008fb00000, 0x00000000d8500000)
  object space 111616K, 33% used [0x0000000088e00000,0x000000008b219c50,0x000000008fb00000)
 Metaspace       used 39374K, capacity 40284K, committed 40488K, reserved 1085440K
  class space    used 5122K, capacity 5317K, committed 5424K, reserved 1048576K

