# JRE version: Java(TM) SE Runtime Environment (8.0_161-b12) (build 1.8.0_161-b12)
# Java VM: Java HotSpot(TM) 64-Bit Server VM (25.161-b12 mixed mode linux-amd64 compressed oops)
Heap:
 PSYoungGen      total 133632K, used 9925K [0x00000000d8500000, 0x00000000e1200000, 0x0000000100000000)
  eden space 122880K, 0% used [0x00000000d8500000,0x00000000d8500000,0x00000000dfd00000)
  from space 10752K, 92% used [0x00000000dfd00000,0x00000000e06b1430,0x00000000e0780000)
  to   space 10752K, 0% used [0x00000000e0780000,0x00000000e0780000,0x00000000e1200000)
 ParOldGen       total 60928K, used 12655K [0x0000000088e00000, 0x000000008c980000, 0x00000000d8500000)
  object space 60928K, 20% used [0x0000000088e00000,0x0000000089a5bea8,0x000000008c980000)
 Metaspace       used 26932K, capacity 27332K, committed 27648K, reserved 1073152K
  class space    used 3411K, capacity 3537K, committed 3584K, reserved 1048576K
GC Heap History (10 events):
Event: 1.471 GC heap after
Heap after GC invocations=3 (full 0):
 PSYoungGen      total 35840K, used 5088K [0x00000000d8500000, 0x00000000dcb00000, 0x0000000100000000)
  eden space 30720K, 0% used [0x00000000d8500000,0x00000000d8500000,0x00000000da300000)
  from space 5120K, 99% used [0x00000000da300000,0x00000000da7f8020,0x00000000da800000)
  to   space 5120K, 0% used [0x00000000dc600000,0x00000000dc600000,0x00000000dcb00000)
 ParOldGen       total 81920K, used 8401K [0x0000000088e00000, 0x000000008de00000, 0x00000000d8500000)
  object space 81920K, 10% used [0x0000000088e00000,0x0000000089634610,0x000000008de00000)
 Metaspace       used 17778K, capacity 18000K, committed 18176K, reserved 1064960K
  class space    used 2218K, capacity 2297K, committed 2304K, reserved 1048576K
}
Event: 1.709 GC heap before
{Heap before GC invocations=4 (full 0):
 PSYoungGen      total 35840K, used 35808K [0x00000000d8500000, 0x00000000dcb00000, 0x0000000100000000)
  eden space 30720K, 100% used [0x00000000d8500000,0x00000000da300000,0x00000000da300000)
  from space 5120K, 99% used [0x00000000da300000,0x00000000da7f8020,0x00000000da800000)
  to   space 5120K, 0% used [0x00000000dc600000,0x00000000dc600000,0x00000000dcb00000)
 ParOldGen       total 81920K, used 8401K [0x0000000088e00000, 0x000000008de00000, 0x00000000d8500000)
  object space 81920K, 10% used [0x0000000088e00000,0x0000000089634610,0x000000008de00000)
 Metaspace       used 19776K, capacity 20066K, committed 20224K, reserved 1067008K
  class space    used 2447K, capacity 2547K, committed 2560K, reserved 1048576K
Event: 1.717 GC heap after
Heap after GC invocations=4 (full 0):
 PSYoungGen      total 66560K, used 5104K [0x00000000d8500000, 0x00000000dcb00000, 0x0000000100000000)
  eden space 61440K, 0% used [0x00000000d8500000,0x00000000d8500000,0x00000000dc100000)
  from space 5120K, 99% used [0x00000000dc600000,0x00000000dcafc010,0x00000000dcb00000)
  to   space 5120K, 0% used [0x00000000dc100000,0x00000000dc100000,0x00000000dc600000)
 ParOldGen       total 81920K, used 10996K [0x0000000088e00000, 0x000000008de00000, 0x00000000d8500000)
  object space 81920K, 13% used [0x0000000088e00000,0x00000000898bd108,0x000000008de00000)
 Metaspace       used 19776K, capacity 20066K, committed 20224K, reserved 1067008K
  class space    used 2447K, capacity 2547K, committed 2560K, reserved 1048576K
}
Event: 2.021 GC heap before
{Heap before GC invocations=5 (full 0):
 PSYoungGen      total 66560K, used 66544K [0x00000000d8500000, 0x00000000dcb00000, 0x0000000100000000)
  eden space 61440K, 100% used [0x00000000d8500000,0x00000000dc100000,0x00000000dc100000)
  from space 5120K, 99% used [0x00000000dc600000,0x00000000dcafc010,0x00000000dcb00000)
  to   space 5120K, 0% used [0x00000000dc100000,0x00000000dc100000,0x00000000dc600000)
 ParOldGen       total 81920K, used 10996K [0x0000000088e00000, 0x000000008de00000, 0x00000000d8500000)
  object space 81920K, 13% used [0x0000000088e00000,0x00000000898bd108,0x000000008de00000)
 Metaspace       used 20747K, capacity 21074K, committed 21120K, reserved 1067008K
  class space    used 2582K, capacity 2686K, committed 2688K, reserved 1048576K
Event: 2.030 GC heap after
Heap after GC invocations=5 (full 0):
 PSYoungGen      total 66560K, used 5106K [0x00000000d8500000, 0x00000000e1200000, 0x0000000100000000)
  eden space 61440K, 0% used [0x00000000d8500000,0x00000000d8500000,0x00000000dc100000)
  from space 5120K, 99% used [0x00000000dc100000,0x00000000dc5fc8e0,0x00000000dc600000)
  to   space 10752K, 0% used [0x00000000e0780000,0x00000000e0780000,0x00000000e1200000)
 ParOldGen       total 81920K, used 13973K [0x0000000088e00000, 0x000000008de00000, 0x00000000d8500000)
  object space 81920K, 17% used [0x0000000088e00000,0x0000000089ba5730,0x000000008de00000)
 Metaspace       used 20747K, capacity 21074K, committed 21120K, reserved 1067008K
  class space    used 2582K, capacity 2686K, committed 2688K, reserved 1048576K
}
Event: 2.107 GC heap before
{Heap before GC invocations=6 (full 0):
 PSYoungGen      total 66560K, used 28210K [0x00000000d8500000, 0x00000000e1200000, 0x0000000100000000)
  eden space 61440K, 37% used [0x00000000d8500000,0x00000000d9b90208,0x00000000dc100000)
  from space 5120K, 99% used [0x00000000dc100000,0x00000000dc5fc8e0,0x00000000dc600000)
  to   space 10752K, 0% used [0x00000000e0780000,0x00000000e0780000,0x00000000e1200000)
 ParOldGen       total 81920K, used 13973K [0x0000000088e00000, 0x000000008de00000, 0x00000000d8500000)
  object space 81920K, 17% used [0x0000000088e00000,0x0000000089ba5730,0x000000008de00000)
 Metaspace       used 20825K, capacity 21124K, committed 21248K, reserved 1067008K
  class space    used 2596K, capacity 2721K, committed 2816K, reserved 1048576K
Event: 2.120 GC heap after
Heap after GC invocations=6 (full 0):
 PSYoungGen      total 133632K, used 5616K [0x00000000d8500000, 0x00000000e1200000, 0x0000000100000000)
  eden space 122880K, 0% used [0x00000000d8500000,0x00000000d8500000,0x00000000dfd00000)
  from space 10752K, 52% used [0x00000000e0780000,0x00000000e0cfc010,0x00000000e1200000)
  to   space 10752K, 0% used [0x00000000dfd00000,0x00000000dfd00000,0x00000000e0780000)
 ParOldGen       total 81920K, used 13981K [0x0000000088e00000, 0x000000008de00000, 0x00000000d8500000)
  object space 81920K, 17% used [0x0000000088e00000,0x0000000089ba7730,0x000000008de00000)
 Metaspace       used 20825K, capacity 21124K, committed 21248K, reserved 1067008K
  class space    used 2596K, capacity 2721K, committed 2816K, reserved 1048576K
}
Event: 2.120 GC heap before
{Heap before GC invocations=7 (full 1):
 PSYoungGen      total 133632K, used 5616K [0x00000000d8500000, 0x00000000e1200000, 0x0000000100000000)
  eden space 122880K, 0% used [0x00000000d8500000,0x00000000d8500000,0x00000000dfd00000)
  from space 10752K, 52% used [0x00000000e0780000,0x00000000e0cfc010,0x00000000e1200000)
  to   space 10752K, 0% used [0x00000000dfd00000,0x00000000dfd00000,0x00000000e0780000)
 ParOldGen       total 81920K, used 13981K [0x0000000088e00000, 0x000000008de00000, 0x00000000d8500000)
  object space 81920K, 17% used [0x0000000088e00000,0x0000000089ba7730,0x000000008de00000)
 Metaspace       used 20825K, capacity 21124K, committed 21248K, reserved 1067008K
  class space    used 2596K, capacity 2721K, committed 2816K, reserved 1048576K
Event: 2.195 GC heap after
Heap after GC invocations=7 (full 1):
 PSYoungGen      total 133632K, used 0K [0x00000000d8500000, 0x00000000e1200000, 0x0000000100000000)
  eden space 122880K, 0% used [0x00000000d8500000,0x00000000d8500000,0x00000000dfd00000)
  from space 10752K, 0% used [0x00000000e0780000,0x00000000e0780000,0x00000000e1200000)
  to   space 10752K, 0% used [0x00000000dfd00000,0x00000000dfd00000,0x00000000e0780000)
 ParOldGen       total 60928K, used 12647K [0x0000000088e00000, 0x000000008c980000, 0x00000000d8500000)
  object space 60928K, 20% used [0x0000000088e00000,0x0000000089a59ea8,0x000000008c980000)
 Metaspace       used 20825K, capacity 21124K, committed 21248K, reserved 1067008K
  class space    used 2596K, capacity 2721K, committed 2816K, reserved 1048576K
}
Event: 3.570 GC heap before
{Heap before GC invocations=8 (full 1):
 PSYoungGen      total 133632K, used 122880K [0x00000000d8500000, 0x00000000e1200000, 0x0000000100000000)
  eden space 122880K, 100% used [0x00000000d8500000,0x00000000dfd00000,0x00000000dfd00000)
  from space 10752K, 0% used [0x00000000e0780000,0x00000000e0780000,0x00000000e1200000)
  to   space 10752K, 0% used [0x00000000dfd00000,0x00000000dfd00000,0x00000000e0780000)
 ParOldGen       total 60928K, used 12647K [0x0000000088e00000, 0x000000008c980000, 0x00000000d8500000)
  object space 60928K, 20% used [0x0000000088e00000,0x0000000089a59ea8,0x000000008c980000)
 Metaspace       used 26932K, capacity 27332K, committed 27648K, reserved 1073152K
  class space    used 3411K, capacity 3537K, committed 3584K, reserved 1048576K

