# JRE version: Java(TM) SE Runtime Environment (8.0_161-b12) (build 1.8.0_161-b12)
# Java VM: Java HotSpot(TM) 64-Bit Server VM (25.161-b12 mixed mode linux-amd64 compressed oops)
Heap:
 PSYoungGen      total 449024K, used 20963K [0x00000000d8500000, 0x00000000f5300000, 0x0000000100000000)
  eden space 424960K, 0% used [0x00000000d8500000,0x00000000d8500000,0x00000000f2400000)
  from space 24064K, 87% used [0x00000000f3b80000,0x00000000f4ff8cd0,0x00000000f5300000)
  to   space 9216K, 0% used [0x00000000f2c80000,0x00000000f2c80000,0x00000000f3580000)
 ParOldGen       total 98304K, used 37687K [0x0000000088e00000, 0x000000008ee00000, 0x00000000d8500000)
  object space 98304K, 38% used [0x0000000088e00000,0x000000008b2cdc90,0x000000008ee00000)
 Metaspace       used 43692K, capacity 44716K, committed 45056K, reserved 1089536K
  class space    used 5564K, capacity 5793K, committed 5888K, reserved 1048576K
GC Heap History (10 events):
Event: 7.862 GC heap after
Heap after GC invocations=12 (full 1):
 PSYoungGen      total 333824K, used 18146K [0x00000000d8500000, 0x00000000f5e80000, 0x0000000100000000)
  eden space 313856K, 0% used [0x00000000d8500000,0x00000000d8500000,0x00000000eb780000)
  from space 19968K, 90% used [0x00000000eb780000,0x00000000ec938ae0,0x00000000ecb00000)
  to   space 22016K, 0% used [0x00000000f4900000,0x00000000f4900000,0x00000000f5e80000)
 ParOldGen       total 52736K, used 32524K [0x0000000088e00000, 0x000000008c180000, 0x00000000d8500000)
  object space 52736K, 61% used [0x0000000088e00000,0x000000008adc3220,0x000000008c180000)
 Metaspace       used 34628K, capacity 35364K, committed 35456K, reserved 1079296K
  class space    used 4503K, capacity 4701K, committed 4736K, reserved 1048576K
}
Event: 7.862 GC heap before
{Heap before GC invocations=13 (full 2):
 PSYoungGen      total 333824K, used 18146K [0x00000000d8500000, 0x00000000f5e80000, 0x0000000100000000)
  eden space 313856K, 0% used [0x00000000d8500000,0x00000000d8500000,0x00000000eb780000)
  from space 19968K, 90% used [0x00000000eb780000,0x00000000ec938ae0,0x00000000ecb00000)
  to   space 22016K, 0% used [0x00000000f4900000,0x00000000f4900000,0x00000000f5e80000)
 ParOldGen       total 52736K, used 32524K [0x0000000088e00000, 0x000000008c180000, 0x00000000d8500000)
  object space 52736K, 61% used [0x0000000088e00000,0x000000008adc3220,0x000000008c180000)
 Metaspace       used 34628K, capacity 35364K, committed 35456K, reserved 1079296K
  class space    used 4503K, capacity 4701K, committed 4736K, reserved 1048576K
Event: 7.998 GC heap after
Heap after GC invocations=13 (full 2):
 PSYoungGen      total 333824K, used 0K [0x00000000d8500000, 0x00000000f5e80000, 0x0000000100000000)
  eden space 313856K, 0% used [0x00000000d8500000,0x00000000d8500000,0x00000000eb780000)
  from space 19968K, 0% used [0x00000000eb780000,0x00000000eb780000,0x00000000ecb00000)
  to   space 22016K, 0% used [0x00000000f4900000,0x00000000f4900000,0x00000000f5e80000)
 ParOldGen       total 98304K, used 39902K [0x0000000088e00000, 0x000000008ee00000, 0x00000000d8500000)
  object space 98304K, 40% used [0x0000000088e00000,0x000000008b4f7800,0x000000008ee00000)
 Metaspace       used 34624K, capacity 35358K, committed 35456K, reserved 1079296K
  class space    used 4502K, capacity 4700K, committed 4736K, reserved 1048576K
}
Event: 9.683 GC heap before
{Heap before GC invocations=14 (full 2):
 PSYoungGen      total 333824K, used 313856K [0x00000000d8500000, 0x00000000f5e80000, 0x0000000100000000)
  eden space 313856K, 100% used [0x00000000d8500000,0x00000000eb780000,0x00000000eb780000)
  from space 19968K, 0% used [0x00000000eb780000,0x00000000eb780000,0x00000000ecb00000)
  to   space 22016K, 0% used [0x00000000f4900000,0x00000000f4900000,0x00000000f5e80000)
 ParOldGen       total 98304K, used 39902K [0x0000000088e00000, 0x000000008ee00000, 0x00000000d8500000)
  object space 98304K, 40% used [0x0000000088e00000,0x000000008b4f7800,0x000000008ee00000)
 Metaspace       used 37537K, capacity 38390K, committed 38656K, reserved 1083392K
  class space    used 4830K, capacity 5044K, committed 5120K, reserved 1048576K
Event: 9.700 GC heap after
Heap after GC invocations=14 (full 2):
 PSYoungGen      total 445952K, used 20785K [0x00000000d8500000, 0x00000000f5d80000, 0x0000000100000000)
  eden space 424960K, 0% used [0x00000000d8500000,0x00000000d8500000,0x00000000f2400000)
  from space 20992K, 99% used [0x00000000f4900000,0x00000000f5d4c5d0,0x00000000f5d80000)
  to   space 25088K, 0% used [0x00000000f2c80000,0x00000000f2c80000,0x00000000f4500000)
 ParOldGen       total 98304K, used 39910K [0x0000000088e00000, 0x000000008ee00000, 0x00000000d8500000)
  object space 98304K, 40% used [0x0000000088e00000,0x000000008b4f9800,0x000000008ee00000)
 Metaspace       used 37537K, capacity 38390K, committed 38656K, reserved 1083392K
  class space    used 4830K, capacity 5044K, committed 5120K, reserved 1048576K
}
Event: 139.798 GC heap before
{Heap before GC invocations=15 (full 2):
 PSYoungGen      total 445952K, used 198216K [0x00000000d8500000, 0x00000000f5d80000, 0x0000000100000000)
  eden space 424960K, 41% used [0x00000000d8500000,0x00000000e3245ce0,0x00000000f2400000)
  from space 20992K, 99% used [0x00000000f4900000,0x00000000f5d4c5d0,0x00000000f5d80000)
  to   space 25088K, 0% used [0x00000000f2c80000,0x00000000f2c80000,0x00000000f4500000)
 ParOldGen       total 98304K, used 39910K [0x0000000088e00000, 0x000000008ee00000, 0x00000000d8500000)
  object space 98304K, 40% used [0x0000000088e00000,0x000000008b4f9800,0x000000008ee00000)
 Metaspace       used 43605K, capacity 44552K, committed 44800K, reserved 1087488K
  class space    used 5550K, capacity 5776K, committed 5888K, reserved 1048576K
Event: 139.815 GC heap after
Heap after GC invocations=15 (full 2):
 PSYoungGen      total 434176K, used 8772K [0x00000000d8500000, 0x00000000f5300000, 0x0000000100000000)
  eden space 424960K, 0% used [0x00000000d8500000,0x00000000d8500000,0x00000000f2400000)
  from space 9216K, 95% used [0x00000000f2c80000,0x00000000f35113b8,0x00000000f3580000)
  to   space 24064K, 0% used [0x00000000f3b80000,0x00000000f3b80000,0x00000000f5300000)
 ParOldGen       total 98304K, used 45954K [0x0000000088e00000, 0x000000008ee00000, 0x00000000d8500000)
  object space 98304K, 46% used [0x0000000088e00000,0x000000008bae0840,0x000000008ee00000)
 Metaspace       used 43605K, capacity 44552K, committed 44800K, reserved 1087488K
  class space    used 5550K, capacity 5776K, committed 5888K, reserved 1048576K
}
Event: 139.815 GC heap before
{Heap before GC invocations=16 (full 3):
 PSYoungGen      total 434176K, used 8772K [0x00000000d8500000, 0x00000000f5300000, 0x0000000100000000)
  eden space 424960K, 0% used [0x00000000d8500000,0x00000000d8500000,0x00000000f2400000)
  from space 9216K, 95% used [0x00000000f2c80000,0x00000000f35113b8,0x00000000f3580000)
  to   space 24064K, 0% used [0x00000000f3b80000,0x00000000f3b80000,0x00000000f5300000)
 ParOldGen       total 98304K, used 45954K [0x0000000088e00000, 0x000000008ee00000, 0x00000000d8500000)
  object space 98304K, 46% used [0x0000000088e00000,0x000000008bae0840,0x000000008ee00000)
 Metaspace       used 43605K, capacity 44552K, committed 44800K, reserved 1087488K
  class space    used 5550K, capacity 5776K, committed 5888K, reserved 1048576K
Event: 140.031 GC heap after
Heap after GC invocations=16 (full 3):
 PSYoungGen      total 434176K, used 0K [0x00000000d8500000, 0x00000000f5300000, 0x0000000100000000)
  eden space 424960K, 0% used [0x00000000d8500000,0x00000000d8500000,0x00000000f2400000)
  from space 9216K, 0% used [0x00000000f2c80000,0x00000000f2c80000,0x00000000f3580000)
  to   space 24064K, 0% used [0x00000000f3b80000,0x00000000f3b80000,0x00000000f5300000)
 ParOldGen       total 98304K, used 37679K [0x0000000088e00000, 0x000000008ee00000, 0x00000000d8500000)
  object space 98304K, 38% used [0x0000000088e00000,0x000000008b2cbc90,0x000000008ee00000)
 Metaspace       used 43605K, capacity 44552K, committed 44800K, reserved 1087488K
  class space    used 5550K, capacity 5776K, committed 5888K, reserved 1048576K
}
Event: 141.948 GC heap before
{Heap before GC invocations=17 (full 3):
 PSYoungGen      total 434176K, used 424960K [0x00000000d8500000, 0x00000000f5300000, 0x0000000100000000)
  eden space 424960K, 100% used [0x00000000d8500000,0x00000000f2400000,0x00000000f2400000)
  from space 9216K, 0% used [0x00000000f2c80000,0x00000000f2c80000,0x00000000f3580000)
  to   space 24064K, 0% used [0x00000000f3b80000,0x00000000f3b80000,0x00000000f5300000)
 ParOldGen       total 98304K, used 37679K [0x0000000088e00000, 0x000000008ee00000, 0x00000000d8500000)
  object space 98304K, 38% used [0x0000000088e00000,0x000000008b2cbc90,0x000000008ee00000)
 Metaspace       used 43692K, capacity 44716K, committed 45056K, reserved 1089536K
  class space    used 5564K, capacity 5793K, committed 5888K, reserved 1048576K

