# JRE version: Java(TM) SE Runtime Environment (8.0_161-b12) (build 1.8.0_161-b12)
# Java VM: Java HotSpot(TM) 64-Bit Server VM (25.161-b12 mixed mode linux-amd64 compressed oops)
Heap:
 PSYoungGen      total 492032K, used 22135K [0x00000000d8500000, 0x00000000f7d80000, 0x0000000100000000)
  eden space 467456K, 0% used [0x00000000d8500000,0x00000000d8500000,0x00000000f4d80000)
  from space 24576K, 90% used [0x00000000f6580000,0x00000000f7b1dee0,0x00000000f7d80000)
  to   space 7680K, 0% used [0x00000000f5500000,0x00000000f5500000,0x00000000f5c80000)
 ParOldGen       total 94208K, used 36704K [0x0000000088e00000, 0x000000008ea00000, 0x00000000d8500000)
  object space 94208K, 38% used [0x0000000088e00000,0x000000008b1d8008,0x000000008ea00000)
 Metaspace       used 43777K, capacity 44840K, committed 45056K, reserved 1089536K
  class space    used 5576K, capacity 5795K, committed 5888K, reserved 1048576K
GC Heap History (10 events):
Event: 6.137 GC heap after
Heap after GC invocations=12 (full 1):
 PSYoungGen      total 353280K, used 17328K [0x00000000d8500000, 0x00000000f8600000, 0x0000000100000000)
  eden space 332800K, 0% used [0x00000000d8500000,0x00000000d8500000,0x00000000eca00000)
  from space 20480K, 84% used [0x00000000eca00000,0x00000000edaec340,0x00000000ede00000)
  to   space 22016K, 0% used [0x00000000f7080000,0x00000000f7080000,0x00000000f8600000)
 ParOldGen       total 51712K, used 32889K [0x0000000088e00000, 0x000000008c080000, 0x00000000d8500000)
  object space 51712K, 63% used [0x0000000088e00000,0x000000008ae1e648,0x000000008c080000)
 Metaspace       used 34648K, capacity 35418K, committed 35456K, reserved 1079296K
  class space    used 4502K, capacity 4702K, committed 4736K, reserved 1048576K
}
Event: 6.137 GC heap before
{Heap before GC invocations=13 (full 2):
 PSYoungGen      total 353280K, used 17328K [0x00000000d8500000, 0x00000000f8600000, 0x0000000100000000)
  eden space 332800K, 0% used [0x00000000d8500000,0x00000000d8500000,0x00000000eca00000)
  from space 20480K, 84% used [0x00000000eca00000,0x00000000edaec340,0x00000000ede00000)
  to   space 22016K, 0% used [0x00000000f7080000,0x00000000f7080000,0x00000000f8600000)
 ParOldGen       total 51712K, used 32889K [0x0000000088e00000, 0x000000008c080000, 0x00000000d8500000)
  object space 51712K, 63% used [0x0000000088e00000,0x000000008ae1e648,0x000000008c080000)
 Metaspace       used 34648K, capacity 35418K, committed 35456K, reserved 1079296K
  class space    used 4502K, capacity 4702K, committed 4736K, reserved 1048576K
Event: 6.248 GC heap after
Heap after GC invocations=13 (full 2):
 PSYoungGen      total 353280K, used 0K [0x00000000d8500000, 0x00000000f8600000, 0x0000000100000000)
  eden space 332800K, 0% used [0x00000000d8500000,0x00000000d8500000,0x00000000eca00000)
  from space 20480K, 0% used [0x00000000eca00000,0x00000000eca00000,0x00000000ede00000)
  to   space 22016K, 0% used [0x00000000f7080000,0x00000000f7080000,0x00000000f8600000)
 ParOldGen       total 94208K, used 39385K [0x0000000088e00000, 0x000000008ea00000, 0x00000000d8500000)
  object space 94208K, 41% used [0x0000000088e00000,0x000000008b476430,0x000000008ea00000)
 Metaspace       used 34645K, capacity 35412K, committed 35456K, reserved 1079296K
  class space    used 4501K, capacity 4701K, committed 4736K, reserved 1048576K
}
Event: 7.299 GC heap before
{Heap before GC invocations=14 (full 2):
 PSYoungGen      total 353280K, used 332800K [0x00000000d8500000, 0x00000000f8600000, 0x0000000100000000)
  eden space 332800K, 100% used [0x00000000d8500000,0x00000000eca00000,0x00000000eca00000)
  from space 20480K, 0% used [0x00000000eca00000,0x00000000eca00000,0x00000000ede00000)
  to   space 22016K, 0% used [0x00000000f7080000,0x00000000f7080000,0x00000000f8600000)
 ParOldGen       total 94208K, used 39385K [0x0000000088e00000, 0x000000008ea00000, 0x00000000d8500000)
  object space 94208K, 41% used [0x0000000088e00000,0x000000008b476430,0x000000008ea00000)
 Metaspace       used 37655K, capacity 38438K, committed 38656K, reserved 1083392K
  class space    used 4843K, capacity 5044K, committed 5120K, reserved 1048576K
Event: 7.318 GC heap after
Heap after GC invocations=14 (full 2):
 PSYoungGen      total 489472K, used 21982K [0x00000000d8500000, 0x00000000f8600000, 0x0000000100000000)
  eden space 467456K, 0% used [0x00000000d8500000,0x00000000d8500000,0x00000000f4d80000)
  from space 22016K, 99% used [0x00000000f7080000,0x00000000f85f7820,0x00000000f8600000)
  to   space 25088K, 0% used [0x00000000f5500000,0x00000000f5500000,0x00000000f6d80000)
 ParOldGen       total 94208K, used 39385K [0x0000000088e00000, 0x000000008ea00000, 0x00000000d8500000)
  object space 94208K, 41% used [0x0000000088e00000,0x000000008b476430,0x000000008ea00000)
 Metaspace       used 37655K, capacity 38438K, committed 38656K, reserved 1083392K
  class space    used 4843K, capacity 5044K, committed 5120K, reserved 1048576K
}
Event: 77.037 GC heap before
{Heap before GC invocations=15 (full 2):
 PSYoungGen      total 489472K, used 168309K [0x00000000d8500000, 0x00000000f8600000, 0x0000000100000000)
  eden space 467456K, 31% used [0x00000000d8500000,0x00000000e13e5df8,0x00000000f4d80000)
  from space 22016K, 99% used [0x00000000f7080000,0x00000000f85f7820,0x00000000f8600000)
  to   space 25088K, 0% used [0x00000000f5500000,0x00000000f5500000,0x00000000f6d80000)
 ParOldGen       total 94208K, used 39385K [0x0000000088e00000, 0x000000008ea00000, 0x00000000d8500000)
  object space 94208K, 41% used [0x0000000088e00000,0x000000008b476430,0x000000008ea00000)
 Metaspace       used 43510K, capacity 44440K, committed 44672K, reserved 1087488K
  class space    used 5539K, capacity 5744K, committed 5760K, reserved 1048576K
Event: 77.053 GC heap after
Heap after GC invocations=15 (full 2):
 PSYoungGen      total 475136K, used 7452K [0x00000000d8500000, 0x00000000f7d80000, 0x0000000100000000)
  eden space 467456K, 0% used [0x00000000d8500000,0x00000000d8500000,0x00000000f4d80000)
  from space 7680K, 97% used [0x00000000f5500000,0x00000000f5c471a8,0x00000000f5c80000)
  to   space 24576K, 0% used [0x00000000f6580000,0x00000000f6580000,0x00000000f7d80000)
 ParOldGen       total 94208K, used 45717K [0x0000000088e00000, 0x000000008ea00000, 0x00000000d8500000)
  object space 94208K, 48% used [0x0000000088e00000,0x000000008baa5470,0x000000008ea00000)
 Metaspace       used 43510K, capacity 44440K, committed 44672K, reserved 1087488K
  class space    used 5539K, capacity 5744K, committed 5760K, reserved 1048576K
}
Event: 77.053 GC heap before
{Heap before GC invocations=16 (full 3):
 PSYoungGen      total 475136K, used 7452K [0x00000000d8500000, 0x00000000f7d80000, 0x0000000100000000)
  eden space 467456K, 0% used [0x00000000d8500000,0x00000000d8500000,0x00000000f4d80000)
  from space 7680K, 97% used [0x00000000f5500000,0x00000000f5c471a8,0x00000000f5c80000)
  to   space 24576K, 0% used [0x00000000f6580000,0x00000000f6580000,0x00000000f7d80000)
 ParOldGen       total 94208K, used 45717K [0x0000000088e00000, 0x000000008ea00000, 0x00000000d8500000)
  object space 94208K, 48% used [0x0000000088e00000,0x000000008baa5470,0x000000008ea00000)
 Metaspace       used 43510K, capacity 44440K, committed 44672K, reserved 1087488K
  class space    used 5539K, capacity 5744K, committed 5760K, reserved 1048576K
Event: 77.256 GC heap after
Heap after GC invocations=16 (full 3):
 PSYoungGen      total 475136K, used 0K [0x00000000d8500000, 0x00000000f7d80000, 0x0000000100000000)
  eden space 467456K, 0% used [0x00000000d8500000,0x00000000d8500000,0x00000000f4d80000)
  from space 7680K, 0% used [0x00000000f5500000,0x00000000f5500000,0x00000000f5c80000)
  to   space 24576K, 0% used [0x00000000f6580000,0x00000000f6580000,0x00000000f7d80000)
 ParOldGen       total 94208K, used 36696K [0x0000000088e00000, 0x000000008ea00000, 0x00000000d8500000)
  object space 94208K, 38% used [0x0000000088e00000,0x000000008b1d6008,0x000000008ea00000)
 Metaspace       used 43510K, capacity 44440K, committed 44672K, reserved 1087488K
  class space    used 5539K, capacity 5744K, committed 5760K, reserved 1048576K
}
Event: 79.182 GC heap before
{Heap before GC invocations=17 (full 3):
 PSYoungGen      total 475136K, used 467456K [0x00000000d8500000, 0x00000000f7d80000, 0x0000000100000000)
  eden space 467456K, 100% used [0x00000000d8500000,0x00000000f4d80000,0x00000000f4d80000)
  from space 7680K, 0% used [0x00000000f5500000,0x00000000f5500000,0x00000000f5c80000)
  to   space 24576K, 0% used [0x00000000f6580000,0x00000000f6580000,0x00000000f7d80000)
 ParOldGen       total 94208K, used 36696K [0x0000000088e00000, 0x000000008ea00000, 0x00000000d8500000)
  object space 94208K, 38% used [0x0000000088e00000,0x000000008b1d6008,0x000000008ea00000)
 Metaspace       used 43777K, capacity 44840K, committed 45056K, reserved 1089536K
  class space    used 5576K, capacity 5795K, committed 5888K, reserved 1048576K

